<?xml version="1.0" encoding="utf-8"?><testsuites name="pytest tests"><testsuite name="pytest" errors="0" failures="0" skipped="0" tests="18" time="4.198" timestamp="2026-04-06T12:08:47.619473+00:00" hostname="agent-env-0a4dc227-4d39-481b-8585-ab652c3c03d9"><testcase classname="backend.tests.test_delight.TestAuth" name="test_login_user" time="0.401" /><testcase classname="backend.tests.test_delight.TestAuth" name="test_login_admin" time="0.267" /><testcase classname="backend.tests.test_delight.TestAuth" name="test_login_wrong_password" time="0.266" /><testcase classname="backend.tests.test_delight.TestAuth" name="test_register_new_user" time="0.275" /><testcase classname="backend.tests.test_delight.TestRestaurants" name="test_list_restaurants" time="0.049" /><testcase classname="backend.tests.test_delight.TestRestaurants" name="test_restaurant_has_required_fields" time="0.045" /><testcase classname="backend.tests.test_delight.TestRestaurants" name="test_restaurant_detail" time="0.094" /><testcase classname="backend.tests.test_delight.TestRestaurants" name="test_search_restaurants" time="0.042" /><testcase classname="backend.tests.test_delight.TestRestaurants" name="test_filter_by_cuisine" time="0.046" /><testcase classname="backend.tests.test_delight.TestCart" name="test_get_cart" time="0.308" /><testcase classname="backend.tests.test_delight.TestCart" name="test_add_to_cart" time="0.147" /><testcase classname="backend.tests.test_delight.TestCart" name="test_cart_has_items" time="0.048" /><testcase classname="backend.tests.test_delight.TestOrders" name="test_place_order" time="0.202" /><testcase classname="backend.tests.test_delight.TestOrders" name="test_order_history" time="0.050" /><testcase classname="backend.tests.test_delight.TestOrders" name="test_order_detail" time="0.095" /><testcase classname="backend.tests.test_delight.TestAdmin" name="test_admin_stats" time="0.324" /><testcase classname="backend.tests.test_delight.TestAdmin" name="test_non_admin_blocked" time="0.046" /><testcase classname="backend.tests.test_delight.TestChat" name="test_chat_message" time="1.405" /></testsuite></testsuites>